//id2
        E   I   Q   A   D   E   V   R   L   
    0   2   4   6   8  10  12  14  16  18 
S   0   1   3   5   7   9  11  13  15  17 
V   0   1   2   4   6   8  10  11  13  15 
L   0   1   2   3   5   7   9  11  12  13 
Q   0   1   2   2   4   6   8  10  12  13 
D   0   1   2   3   3   4   6   8  10  12 
R   0   1   2   3   4   4   5   7   8  10 
S   0   1   2   3   4   5   5   6   8   9 
M   0   1   2   3   4   5   6   6   7   9 
P   0   1   2   3   4   5   6   7   7   8 
H   0   1   2   3   4   5   6   7   8   8 
Q   0   1   2   2   4   5   6   7   8   9 
E   0   0   2   3   3   5   5   7   8   9 
I   0   1   0   2   4   4   6   6   8   9 
L   0   1   2   1   3   5   5   7   7   8 
A   0   1   2   3   1   3   5   6   8   8 
A   0   1   2   3   3   2   4   6   7   9 
D   0   1   2   3   4   3   3   5   7   8 
E   0   0   2   3   4   5   3   4   6   8 
V   0   1   1   3   4   5   5   3   5   7 
L   0   1   2   2   4   5   6   5   4   5 
Q   0   1   2   2   3   5   6   7   6   5 
E   0   0   2   3   3   4   5   7   8   7 
S   0   1   1   3   4   4   5   6   8   9 
E   0   0   2   2   4   5   4   6   7   9 
M   0   1   1   3   3   5   6   5   7   8 
R   0   1   2   2   4   4   6   7   5   7 
Q   0   1   2   2   3   5   5   7   7   6 
Q   0   1   2   2   3   4   6   6   8   8 
D   0   1   2   3   3   3   5   7   7   9 
M   0   1   2   3   4   4   4   6   8   8 
I   0   1   1   3   4   5   5   5   7   9 
S   0   1   2   2   4   5   6   6   6   8 
H   0   1   2   3   3   5   6   7   7   7 
D   0   1   2   3   4   3   5   7   8   8 
E   0   0   2   3   4   5   3   5   7   9 
pattern_location:1-9	EIQ_ADEVRL
seq_location:12-20	EILAADEV_L
pattern_location:1-9	EIQ_ADEVRL
seq_location:12-21	EILAADEVLQ
//id3
        E   I   Q   A   D   E   V   R   L   
    0   2   4   6   8  10  12  14  16  18 
S   0   1   3   5   7   9  11  13  15  17 
V   0   1   2   4   6   8  10  11  13  15 
L   0   1   2   3   5   7   9  11  12  13 
Q   0   1   2   2   4   6   8  10  12  13 
D   0   1   2   3   3   4   6   8  10  12 
R   0   1   2   3   4   4   5   7   8  10 
S   0   1   2   3   4   5   5   6   8   9 
M   0   1   2   3   4   5   6   6   7   9 
P   0   1   2   3   4   5   6   7   7   8 
H   0   1   2   3   4   5   6   7   8   8 
Q   0   1   2   2   4   5   6   7   8   9 
E   0   0   2   3   3   5   5   7   8   9 
I   0   1   0   2   4   4   6   6   8   9 
L   0   1   2   1   3   5   5   7   7   8 
A   0   1   2   3   1   3   5   6   8   8 
B   0   1   2   3   3   2   4   6   7   9 
D   0   1   2   3   4   3   3   5   7   8 
E   0   0   2   3   4   5   3   4   6   8 
T   0   1   1   3   4   5   5   4   5   7 
L   0   1   2   2   4   5   6   6   5   5 
Q   0   1   2   2   3   5   6   7   7   6 
E   0   0   2   3   3   4   5   7   8   8 
S   0   1   1   3   4   4   5   6   8   9 
E   0   0   2   2   4   5   4   6   7   9 
M   0   1   1   3   3   5   6   5   7   8 
R   0   1   2   2   4   4   6   7   5   7 
Q   0   1   2   2   3   5   5   7   7   6 
Q   0   1   2   2   3   4   6   6   8   8 
D   0   1   2   3   3   3   5   7   7   9 
M   0   1   2   3   4   4   4   6   8   8 
I   0   1   1   3   4   5   5   5   7   9 
S   0   1   2   2   4   5   6   6   6   8 
H   0   1   2   3   3   5   6   7   7   7 
D   0   1   2   3   4   3   5   7   8   8 
E   0   0   2   3   4   5   3   5   7   9 
pattern_location:1-9	EIQADEVRL
seq_location:12-20	EILABDETL
